<?xml version="1.0" encoding="UTF-8"?>
<testsuite name="com.kodilla.stream.array.ArrayOperationsTestSuite" tests="1" skipped="0" failures="0" errors="0" timestamp="2017-10-24T21:24:59" hostname="DESKTOP-2BIEN4Q" time="0.141">
  <properties/>
  <testcase name="testGetAverage" classname="com.kodilla.stream.array.ArrayOperationsTestSuite" time="0.141"/>
  <system-out><![CDATA[2
2
2
2
2
2
2
2
2
2
2
2
2
2
2
2
2
2
2
2
]]></system-out>
  <system-err><![CDATA[]]></system-err>
</testsuite>
