<?xml version="1.0" encoding="UTF-8"?>
<testsuite name="com.kodilla.patterns.factory.ShapeFactoryTestSuite" tests="3" skipped="0" failures="0" errors="0" timestamp="2017-10-24T21:24:29" hostname="DESKTOP-2BIEN4Q" time="0.047">
  <properties/>
  <testcase name="testFactoryCircle" classname="com.kodilla.patterns.factory.ShapeFactoryTestSuite" time="0.016"/>
  <testcase name="testFactorySquare" classname="com.kodilla.patterns.factory.ShapeFactoryTestSuite" time="0.016"/>
  <testcase name="testFactoryRectangle" classname="com.kodilla.patterns.factory.ShapeFactoryTestSuite" time="0.015"/>
  <system-out><![CDATA[]]></system-out>
  <system-err><![CDATA[]]></system-err>
</testsuite>
