<?xml version="1.0" encoding="UTF-8"?>
<testsuite name="com.kodilla.patterns.builder.pizza.PizzaTestSuite" tests="1" skipped="0" failures="0" errors="0" timestamp="2017-10-24T21:24:29" hostname="DESKTOP-2BIEN4Q" time="0.015">
  <properties/>
  <testcase name="testPizzaNew" classname="com.kodilla.patterns.builder.pizza.PizzaTestSuite" time="0.015"/>
  <system-out><![CDATA[Pizza{bottom='Thin', sauce='Spicy', ingredients=[Onion, Ham, Mushrooms]}
]]></system-out>
  <system-err><![CDATA[]]></system-err>
</testsuite>
